This file contains any messages produced by compilers while
running configure, to aid debugging if configure makes a mistake.

It was created by POET configure 1.07.03, which was
generated by GNU Autoconf 2.71.  Invocation command line was

  $ ./configure

## --------- ##
## Platform. ##
## --------- ##

hostname = odey-HP-Pavilion-Laptop-15-cs0xxx
uname -m = x86_64
uname -r = 6.2.0-31-generic
uname -s = Linux
uname -v = #31~22.04.1-Ubuntu SMP PREEMPT_DYNAMIC Wed Aug 16 13:45:26 UTC 2

/usr/bin/uname -p = x86_64
/bin/uname -X     = unknown

/bin/arch              = x86_64
/usr/bin/arch -k       = unknown
/usr/convex/getsysinfo = unknown
/usr/bin/hostinfo      = unknown
/bin/machine           = unknown
/usr/bin/oslevel       = unknown
/bin/universe          = unknown

PATH: /opt/apache-maven-3.6.3/bin/
PATH: /usr/local/src/apache-maven/bin/
PATH: /home/odey/.local/bin/
PATH: /opt/apache-maven-3.6.3/bin/
PATH: /usr/local/src/apache-maven/bin/
PATH: /usr/local/sbin/
PATH: /usr/local/bin/
PATH: /usr/sbin/
PATH: /usr/bin/
PATH: /sbin/
PATH: /bin/
PATH: /usr/games/
PATH: /usr/local/games/
PATH: /snap/bin/
PATH: /snap/bin/
PATH: /somewhere/git-cinnabar/


## ----------- ##
## Core tests. ##
## ----------- ##

configure:2429: looking for aux files: install-sh missing compile
configure:2442:  trying ./
configure:2453:   ./install-sh found
configure:2471:   ./missing found
configure:2471:   ./compile found
configure:2631: checking for ranlib
configure:2652: found /usr/bin/ranlib
configure:2663: result: ranlib
configure:2754: checking for g++
configure:2775: found /usr/bin/g++
configure:2786: result: g++
configure:2813: checking for C++ compiler version
configure:2822: g++ --version >&5
g++ (Ubuntu 11.4.0-1ubuntu1~22.04) 11.4.0
Copyright (C) 2021 Free Software Foundation, Inc.
This is free software; see the source for copying conditions.  There is NO
warranty; not even for MERCHANTABILITY or FITNESS FOR A PARTICULAR PURPOSE.

configure:2833: $? = 0
configure:2822: g++ -v >&5
Using built-in specs.
COLLECT_GCC=g++
COLLECT_LTO_WRAPPER=/usr/lib/gcc/x86_64-linux-gnu/11/lto-wrapper
OFFLOAD_TARGET_NAMES=nvptx-none:amdgcn-amdhsa
OFFLOAD_TARGET_DEFAULT=1
Target: x86_64-linux-gnu
Configured with: ../src/configure -v --with-pkgversion='Ubuntu 11.4.0-1ubuntu1~22.04' --with-bugurl=file:///usr/share/doc/gcc-11/README.Bugs --enable-languages=c,ada,c++,go,brig,d,fortran,objc,obj-c++,m2 --prefix=/usr --with-gcc-major-version-only --program-suffix=-11 --program-prefix=x86_64-linux-gnu- --enable-shared --enable-linker-build-id --libexecdir=/usr/lib --without-included-gettext --enable-threads=posix --libdir=/usr/lib --enable-nls --enable-bootstrap --enable-clocale=gnu --enable-libstdcxx-debug --enable-libstdcxx-time=yes --with-default-libstdcxx-abi=new --enable-gnu-unique-object --disable-vtable-verify --enable-plugin --enable-default-pie --with-system-zlib --enable-libphobos-checking=release --with-target-system-zlib=auto --enable-objc-gc=auto --enable-multiarch --disable-werror --enable-cet --with-arch-32=i686 --with-abi=m64 --with-multilib-list=m32,m64,mx32 --enable-multilib --with-tune=generic --enable-offload-targets=nvptx-none=/build/gcc-11-XeT9lY/gcc-11-11.4.0/debian/tmp-nvptx/usr,amdgcn-amdhsa=/build/gcc-11-XeT9lY/gcc-11-11.4.0/debian/tmp-gcn/usr --without-cuda-driver --enable-checking=release --build=x86_64-linux-gnu --host=x86_64-linux-gnu --target=x86_64-linux-gnu --with-build-config=bootstrap-lto-lean --enable-link-serialization=2
Thread model: posix
Supported LTO compression algorithms: zlib zstd
gcc version 11.4.0 (Ubuntu 11.4.0-1ubuntu1~22.04) 
... rest of stderr output deleted ...
configure:2833: $? = 0
configure:2822: g++ -V >&5
g++: error: unrecognized command-line option '-V'
g++: fatal error: no input files
compilation terminated.
configure:2833: $? = 1
configure:2822: g++ -qversion >&5
g++: error: unrecognized command-line option '-qversion'; did you mean '--version'?
g++: fatal error: no input files
compilation terminated.
configure:2833: $? = 1
configure:2853: checking whether the C++ compiler works
configure:2875: g++    conftest.cpp  >&5
configure:2879: $? = 0
configure:2929: result: yes
configure:2932: checking for C++ compiler default output file name
configure:2934: result: a.out
configure:2940: checking for suffix of executables
configure:2947: g++ -o conftest    conftest.cpp  >&5
configure:2951: $? = 0
configure:2974: result: 
configure:2996: checking whether we are cross compiling
configure:3004: g++ -o conftest    conftest.cpp  >&5
configure:3008: $? = 0
configure:3015: ./conftest
configure:3019: $? = 0
configure:3034: result: no
configure:3039: checking for suffix of object files
configure:3062: g++ -c   conftest.cpp >&5
configure:3066: $? = 0
configure:3088: result: o
configure:3092: checking whether the compiler supports GNU C++
configure:3112: g++ -c   conftest.cpp >&5
configure:3112: $? = 0
configure:3122: result: yes
configure:3133: checking whether g++ accepts -g
configure:3154: g++ -c -g  conftest.cpp >&5
configure:3154: $? = 0
configure:3198: result: yes
configure:3218: checking for g++ option to enable C++11 features
configure:3233: g++  -c -g -O2  conftest.cpp >&5
conftest.cpp: In function 'int main(int, char**)':
conftest.cpp:175:25: warning: empty parentheses were disambiguated as a function declaration [-Wvexing-parse]
  175 |   cxx11test::delegate d2();
      |                         ^~
conftest.cpp:175:25: note: remove parentheses to default-initialize a variable
  175 |   cxx11test::delegate d2();
      |                         ^~
      |                         --
conftest.cpp:175:25: note: or replace parentheses with braces to value-initialize a variable
configure:3233: $? = 0
configure:3251: result: none needed
configure:3377: checking for gcc
configure:3398: found /usr/bin/gcc
configure:3409: result: gcc
configure:3762: checking for C compiler version
configure:3771: gcc --version >&5
gcc (Ubuntu 11.4.0-1ubuntu1~22.04) 11.4.0
Copyright (C) 2021 Free Software Foundation, Inc.
This is free software; see the source for copying conditions.  There is NO
warranty; not even for MERCHANTABILITY or FITNESS FOR A PARTICULAR PURPOSE.

configure:3782: $? = 0
configure:3771: gcc -v >&5
Using built-in specs.
COLLECT_GCC=gcc
COLLECT_LTO_WRAPPER=/usr/lib/gcc/x86_64-linux-gnu/11/lto-wrapper
OFFLOAD_TARGET_NAMES=nvptx-none:amdgcn-amdhsa
OFFLOAD_TARGET_DEFAULT=1
Target: x86_64-linux-gnu
Configured with: ../src/configure -v --with-pkgversion='Ubuntu 11.4.0-1ubuntu1~22.04' --with-bugurl=file:///usr/share/doc/gcc-11/README.Bugs --enable-languages=c,ada,c++,go,brig,d,fortran,objc,obj-c++,m2 --prefix=/usr --with-gcc-major-version-only --program-suffix=-11 --program-prefix=x86_64-linux-gnu- --enable-shared --enable-linker-build-id --libexecdir=/usr/lib --without-included-gettext --enable-threads=posix --libdir=/usr/lib --enable-nls --enable-bootstrap --enable-clocale=gnu --enable-libstdcxx-debug --enable-libstdcxx-time=yes --with-default-libstdcxx-abi=new --enable-gnu-unique-object --disable-vtable-verify --enable-plugin --enable-default-pie --with-system-zlib --enable-libphobos-checking=release --with-target-system-zlib=auto --enable-objc-gc=auto --enable-multiarch --disable-werror --enable-cet --with-arch-32=i686 --with-abi=m64 --with-multilib-list=m32,m64,mx32 --enable-multilib --with-tune=generic --enable-offload-targets=nvptx-none=/build/gcc-11-XeT9lY/gcc-11-11.4.0/debian/tmp-nvptx/usr,amdgcn-amdhsa=/build/gcc-11-XeT9lY/gcc-11-11.4.0/debian/tmp-gcn/usr --without-cuda-driver --enable-checking=release --build=x86_64-linux-gnu --host=x86_64-linux-gnu --target=x86_64-linux-gnu --with-build-config=bootstrap-lto-lean --enable-link-serialization=2
Thread model: posix
Supported LTO compression algorithms: zlib zstd
gcc version 11.4.0 (Ubuntu 11.4.0-1ubuntu1~22.04) 
... rest of stderr output deleted ...
configure:3782: $? = 0
configure:3771: gcc -V >&5
gcc: error: unrecognized command-line option '-V'
gcc: fatal error: no input files
compilation terminated.
configure:3782: $? = 1
configure:3771: gcc -qversion >&5
gcc: error: unrecognized command-line option '-qversion'; did you mean '--version'?
gcc: fatal error: no input files
compilation terminated.
configure:3782: $? = 1
configure:3771: gcc -version >&5
gcc: error: unrecognized command-line option '-version'
gcc: fatal error: no input files
compilation terminated.
configure:3782: $? = 1
configure:3786: checking whether the compiler supports GNU C
configure:3806: gcc -c   conftest.c >&5
configure:3806: $? = 0
configure:3816: result: yes
configure:3827: checking whether gcc accepts -g
configure:3848: gcc -c -g  conftest.c >&5
configure:3848: $? = 0
configure:3892: result: yes
configure:3912: checking for gcc option to enable C11 features
configure:3927: gcc  -c -g -O2  conftest.c >&5
configure:3927: $? = 0
configure:3945: result: none needed
configure:4066: checking whether gcc understands -c and -o together
configure:4089: gcc -c conftest.c -o conftest2.o
configure:4092: $? = 0
configure:4089: gcc -c conftest.c -o conftest2.o
configure:4092: $? = 0
configure:4104: result: yes
configure:4126: checking for flex
configure:4147: found /usr/bin/flex
configure:4158: result: flex
configure:4207: checking for lex output file root
configure:4220: flex conftest.l
configure:4224: $? = 0
configure:4232: result: lex.yy
configure:4247: checking for lex library
configure:4272: gcc -o conftest -g -O2   conftest.c  >&5
configure:4272: $? = 0
configure:4285: result: none needed
configure:4300: checking for library containing yywrap
configure:4330: gcc -o conftest -g -O2   conftest.c  >&5
/usr/bin/ld: /tmp/ccOsKmMf.o: in function `main':
/home/odey/Desktop/Colorado/Research/POET/conftest.c:17: undefined reference to `yywrap'
collect2: error: ld returned 1 exit status
configure:4330: $? = 1
configure: failed program was:
| /* confdefs.h */
| #define PACKAGE_NAME "POET"
| #define PACKAGE_TARNAME "poet"
| #define PACKAGE_VERSION "1.07.03"
| #define PACKAGE_STRING "POET 1.07.03"
| #define PACKAGE_BUGREPORT "qyi@uccs.edu"
| #define PACKAGE_URL ""
| /* end confdefs.h.  */
| 
| /* Override any GCC internal prototype to avoid an error.
|    Use char because int might match the return type of a GCC
|    builtin and then its argument prototype would still apply.  */
| char yywrap ();
| int
| main (void)
| {
| return yywrap ();
|   ;
|   return 0;
| }
configure:4330: gcc -o conftest -g -O2   conftest.c -lfl   >&5
/usr/bin/ld: /usr/lib/gcc/x86_64-linux-gnu/11/../../../x86_64-linux-gnu/libfl.so: undefined reference to `yylex'
collect2: error: ld returned 1 exit status
configure:4330: $? = 1
configure: failed program was:
| /* confdefs.h */
| #define PACKAGE_NAME "POET"
| #define PACKAGE_TARNAME "poet"
| #define PACKAGE_VERSION "1.07.03"
| #define PACKAGE_STRING "POET 1.07.03"
| #define PACKAGE_BUGREPORT "qyi@uccs.edu"
| #define PACKAGE_URL ""
| /* end confdefs.h.  */
| 
| /* Override any GCC internal prototype to avoid an error.
|    Use char because int might match the return type of a GCC
|    builtin and then its argument prototype would still apply.  */
| char yywrap ();
| int
| main (void)
| {
| return yywrap ();
|   ;
|   return 0;
| }
configure:4330: gcc -o conftest -g -O2   conftest.c -ll   >&5
configure:4330: $? = 0
configure:4350: result: -ll
configure:4366: checking whether yytext is a pointer
configure:4382: gcc -c -g -O2  conftest.c >&5
configure:4382: $? = 0
configure:4389: result: yes
configure:4405: checking for bison
configure:4426: found /usr/bin/bison
configure:4437: result: bison -y
configure:4458: WARNING: 'missing' script is too old or missing
configure:4540: checking for a BSD-compatible install
configure:4613: result: /usr/bin/install -c
configure:4624: checking whether build environment is sane
configure:4679: result: yes
configure:4821: checking for a race-free mkdir -p
configure:4865: result: /usr/bin/mkdir -p
configure:4872: checking for gawk
configure:4893: found /usr/bin/gawk
configure:4904: result: gawk
configure:4915: checking whether make sets $(MAKE)
configure:4938: result: yes
configure:4960: checking whether make supports the include directive
configure:4975: make -f confmf.GNU && cat confinc.out
this is the am__doit target
configure:4978: $? = 0
configure:4997: result: yes (GNU style)
configure:5032: checking whether make supports nested variables
configure:5050: result: yes
configure:5131: checking dependency style of gcc
configure:5243: result: gcc3
configure:5260: checking dependency style of g++
configure:5372: result: gcc3
configure:5581: checking that generated files are newer than configure
configure:5587: result: done
configure:5614: creating ./config.status

## ---------------------- ##
## Running config.status. ##
## ---------------------- ##

This file was extended by POET config.status 1.07.03, which was
generated by GNU Autoconf 2.71.  Invocation command line was

  CONFIG_FILES    = 
  CONFIG_HEADERS  = 
  CONFIG_LINKS    = 
  CONFIG_COMMANDS = 
  $ ./config.status 

on odey-HP-Pavilion-Laptop-15-cs0xxx

config.status:803: creating Makefile
config.status:803: creating src/Makefile
config.status:803: creating lib/Makefile
config.status:803: creating doc/Makefile
config.status:803: creating test/Makefile
config.status:803: creating test/gemmATLAS/Makefile
config.status:803: creating test/gemvATLAS/Makefile
config.status:803: creating test/gerATLAS/Makefile
config.status:803: creating test/autoScripts/Makefile
config.status:803: creating test/commands/Makefile
config.status:803: creating test/timerGeneration/Makefile
config.status:803: creating test/parseF/Makefile
config.status:803: creating test/tune/Makefile
config.status:803: creating examples/Makefile
config.status:803: creating test/parseC/Makefile
config.status:803: creating test/parsePy/Makefile
config.status:803: creating tools/Makefile
config.status:975: executing depfiles commands
config.status:1052: cd src       && sed -e '/# am--include-marker/d' Makefile         | make -f - am--depfiles
make: Nothing to be done for 'am--depfiles'.
config.status:1057: $? = 0

## ---------------- ##
## Cache variables. ##
## ---------------- ##

ac_cv_c_compiler_gnu=yes
ac_cv_cxx_compiler_gnu=yes
ac_cv_env_CCC_set=
ac_cv_env_CCC_value=
ac_cv_env_CC_set=
ac_cv_env_CC_value=
ac_cv_env_CFLAGS_set=
ac_cv_env_CFLAGS_value=
ac_cv_env_CPPFLAGS_set=
ac_cv_env_CPPFLAGS_value=
ac_cv_env_CXXFLAGS_set=
ac_cv_env_CXXFLAGS_value=
ac_cv_env_CXX_set=
ac_cv_env_CXX_value=
ac_cv_env_LDFLAGS_set=
ac_cv_env_LDFLAGS_value=
ac_cv_env_LIBS_set=
ac_cv_env_LIBS_value=
ac_cv_env_YACC_set=
ac_cv_env_YACC_value=
ac_cv_env_YFLAGS_set=
ac_cv_env_YFLAGS_value=
ac_cv_env_build_alias_set=
ac_cv_env_build_alias_value=
ac_cv_env_host_alias_set=
ac_cv_env_host_alias_value=
ac_cv_env_target_alias_set=
ac_cv_env_target_alias_value=
ac_cv_lib_lex='none needed'
ac_cv_objext=o
ac_cv_path_install='/usr/bin/install -c'
ac_cv_path_mkdir=/usr/bin/mkdir
ac_cv_prog_AWK=gawk
ac_cv_prog_LEX=flex
ac_cv_prog_YACC='bison -y'
ac_cv_prog_ac_ct_CC=gcc
ac_cv_prog_ac_ct_CXX=g++
ac_cv_prog_ac_ct_RANLIB=ranlib
ac_cv_prog_cc_c11=
ac_cv_prog_cc_g=yes
ac_cv_prog_cc_stdc=
ac_cv_prog_cxx_11=no
ac_cv_prog_cxx_cxx11=
ac_cv_prog_cxx_g=yes
ac_cv_prog_cxx_stdcxx=
ac_cv_prog_lex_root=lex.yy
ac_cv_prog_lex_yytext_pointer=yes
ac_cv_prog_make_make_set=yes
ac_cv_search_yywrap=-ll
am_cv_CC_dependencies_compiler_type=gcc3
am_cv_CXX_dependencies_compiler_type=gcc3
am_cv_make_support_nested_variables=yes
am_cv_prog_cc_c_o=yes

## ----------------- ##
## Output variables. ##
## ----------------- ##

ACLOCAL='aclocal-1.16'
AMDEPBACKSLASH='\'
AMDEP_FALSE='#'
AMDEP_TRUE=''
AMTAR='$${TAR-tar}'
AM_BACKSLASH='\'
AM_DEFAULT_V='$(AM_DEFAULT_VERBOSITY)'
AM_DEFAULT_VERBOSITY='1'
AM_V='$(V)'
AUTOCONF='autoconf'
AUTOHEADER='autoheader'
AUTOMAKE='automake-1.16'
AWK='gawk'
CC='gcc'
CCDEPMODE='depmode=gcc3'
CFLAGS='-g -O2'
CPPFLAGS=''
CSCOPE='cscope'
CTAGS='ctags'
CXX='g++'
CXXDEPMODE='depmode=gcc3'
CXXFLAGS='-g -O2'
CYGPATH_W='echo'
DEFS='-DPACKAGE_NAME=\"POET\" -DPACKAGE_TARNAME=\"poet\" -DPACKAGE_VERSION=\"1.07.03\" -DPACKAGE_STRING=\"POET\ 1.07.03\" -DPACKAGE_BUGREPORT=\"qyi@uccs.edu\" -DPACKAGE_URL=\"\" -DYYTEXT_POINTER=1 -DPACKAGE=\"poet\" -DVERSION=\"1.07.03\"'
DEPDIR='.deps'
ECHO_C=''
ECHO_N='-n'
ECHO_T=''
ETAGS='etags'
EXEEXT=''
INSTALL_DATA='${INSTALL} -m 644'
INSTALL_PROGRAM='${INSTALL}'
INSTALL_SCRIPT='${INSTALL}'
INSTALL_STRIP_PROGRAM='$(install_sh) -c -s'
LDFLAGS=''
LEX='flex'
LEXLIB='-ll '
LEX_OUTPUT_ROOT='lex.yy'
LIBOBJS=''
LIBS=''
LTLIBOBJS=''
MAKEINFO='makeinfo'
MKDIR_P='/usr/bin/mkdir -p'
OBJEXT='o'
PACKAGE='poet'
PACKAGE_BUGREPORT='qyi@uccs.edu'
PACKAGE_NAME='POET'
PACKAGE_STRING='POET 1.07.03'
PACKAGE_TARNAME='poet'
PACKAGE_URL=''
PACKAGE_VERSION='1.07.03'
PATH_SEPARATOR=':'
RANLIB='ranlib'
SET_MAKE=''
SHELL='/bin/bash'
STRIP=''
VERSION='1.07.03'
YACC='bison -y'
YFLAGS=''
ac_ct_CC='gcc'
ac_ct_CXX='g++'
am__EXEEXT_FALSE=''
am__EXEEXT_TRUE='#'
am__fastdepCC_FALSE='#'
am__fastdepCC_TRUE=''
am__fastdepCXX_FALSE='#'
am__fastdepCXX_TRUE=''
am__include='include'
am__isrc=''
am__leading_dot='.'
am__nodep='_no'
am__quote=''
am__tar='$${TAR-tar} chof - "$$tardir"'
am__untar='$${TAR-tar} xf -'
atlas_exe='xdmmtst'
atlas_inc=''
atlas_obj=''
bindir='${exec_prefix}/bin'
build_alias=''
datadir='${datarootdir}'
datarootdir='${prefix}/share'
docdir='${datarootdir}/doc/${PACKAGE_TARNAME}'
dvidir='${docdir}'
exec_prefix='${prefix}'
host_alias=''
htmldir='${docdir}'
includedir='${prefix}/include'
infodir='${datarootdir}/info'
install_sh='${SHELL} /home/odey/Desktop/Colorado/Research/POET/install-sh'
libdir='${exec_prefix}/lib'
libexecdir='${exec_prefix}/libexec'
localedir='${datarootdir}/locale'
localstatedir='${prefix}/var'
mandir='${datarootdir}/man'
mkdir_p='$(MKDIR_P)'
oldincludedir='/usr/include'
pdfdir='${docdir}'
prefix='/usr/local'
program_transform_name='s,x,x,'
psdir='${docdir}'
rose_srcdir=''
runstatedir='${localstatedir}/run'
sbindir='${exec_prefix}/sbin'
sharedstatedir='${prefix}/com'
sysconfdir='${prefix}/etc'
target_alias=''
testdirs='commands gemmATLAS gemvATLAS gerATLAS autoScripts timerGeneration parseF parseC tune'
tooldirs=''

## ----------- ##
## confdefs.h. ##
## ----------- ##

/* confdefs.h */
#define PACKAGE_NAME "POET"
#define PACKAGE_TARNAME "poet"
#define PACKAGE_VERSION "1.07.03"
#define PACKAGE_STRING "POET 1.07.03"
#define PACKAGE_BUGREPORT "qyi@uccs.edu"
#define PACKAGE_URL ""
#define YYTEXT_POINTER 1
#define PACKAGE "poet"
#define VERSION "1.07.03"

configure: exit 0
